openCVLibrary3415/build/intermediates/manifest_merge_blame_file/debug/manifest-merger-blame-debug-report.txt
1<?xml version="1.0" encoding="utf-8"?>
2<manifest xmlns:android="http://schemas.android.com/apk/res/android"
3    package="org.opencv"
4    android:versionCode="34150"
5    android:versionName="3.4.15" >
6
7    <uses-sdk
<<<<<<< HEAD
7-->src\main\AndroidManifest.xml:7:5-73
8        android:minSdkVersion="1"
8-->src\main\AndroidManifest.xml:7:15-40
9        android:targetSdkVersion="30" />
9-->src\main\AndroidManifest.xml:7:41-70
=======
7-->src\main\AndroidManifest.xml:7:5-73
8        android:minSdkVersion="1"
8-->src\main\AndroidManifest.xml:7:15-40
9        android:targetSdkVersion="30" />
9-->src\main\AndroidManifest.xml:7:41-70
>>>>>>> 4b3de17e0c2ea2602e499ea4a86541778d4f6435
10
11</manifest>